<?xml version="1.0" encoding="UTF-8"?>
<coverage generated="1697468064392" clover="3.2.0">
  <project timestamp="1697468064392" name="All files">
    <metrics statements="31" coveredstatements="30" conditionals="6" coveredconditionals="5" methods="13" coveredmethods="12" elements="50" coveredelements="47" complexity="0" loc="31" ncloc="31" packages="1" files="2" classes="2"/>
    <file name="Body.jsx" path="/home/mypc/Documents/Pooja/Namaste-react/src/components/Body.jsx">
      <metrics statements="24" coveredstatements="23" conditionals="6" coveredconditionals="5" methods="10" coveredmethods="9"/>
      <line num="9" count="1" type="stmt"/>
      <line num="10" count="7" type="stmt"/>
      <line num="11" count="7" type="stmt"/>
      <line num="12" count="7" type="stmt"/>
      <line num="13" count="7" type="stmt"/>
      <line num="15" count="7" type="stmt"/>
      <line num="16" count="2" type="stmt"/>
      <line num="18" count="7" type="stmt"/>
      <line num="19" count="2" type="stmt"/>
      <line num="22" count="2" type="stmt"/>
      <line num="23" count="2" type="stmt"/>
      <line num="24" count="2" type="stmt"/>
      <line num="26" count="7" type="stmt"/>
      <line num="27" count="7" type="cond" truecount="1" falsecount="1"/>
      <line num="29" count="7" type="cond" truecount="2" falsecount="0"/>
      <line num="33" count="1" type="stmt"/>
      <line num="34" count="9" type="stmt"/>
      <line num="36" count="1" type="stmt"/>
      <line num="42" count="0" type="stmt"/>
      <line num="47" count="1" type="stmt"/>
      <line num="52" count="1" type="stmt"/>
      <line num="53" count="9" type="stmt"/>
      <line num="55" count="1" type="stmt"/>
      <line num="64" count="28" type="stmt"/>
    </file>
    <file name="RestroCard.jsx" path="/home/mypc/Documents/Pooja/Namaste-react/src/components/RestroCard.jsx">
      <metrics statements="7" coveredstatements="7" conditionals="0" coveredconditionals="0" methods="3" coveredmethods="3"/>
      <line num="2" count="2" type="stmt"/>
      <line num="3" count="29" type="stmt"/>
      <line num="4" count="29" type="stmt"/>
      <line num="5" count="29" type="stmt"/>
      <line num="23" count="2" type="stmt"/>
      <line num="24" count="7" type="stmt"/>
      <line num="25" count="4" type="stmt"/>
    </file>
  </project>
</coverage>
