{"/home/mypc/Documents/Pooja/Namaste-react/src/components/Header.jsx": {"path":"/home/mypc/Documents/Pooja/Namaste-react/src/components/Header.jsx","statementMap":{"0":{"start":{"line":6,"column":22},"end":{"line":42,"column":1}},"1":{"start":{"line":7,"column":18},"end":{"line":7,"column":25}},"2":{"start":{"line":8,"column":44},"end":{"line":8,"column":61}},"3":{"start":{"line":9,"column":26},"end":{"line":9,"column":43}},"4":{"start":{"line":10,"column":27},"end":{"line":10,"column":50}},"5":{"start":{"line":12,"column":22},"end":{"line":15,"column":6}},"6":{"start":{"line":14,"column":8},"end":{"line":14,"column":32}},"7":{"start":{"line":16,"column":4},"end":{"line":41,"column":5}},"8":{"start":{"line":32,"column":28},"end":{"line":32,"column":107}}},"fnMap":{"0":{"name":"(anonymous_0)","decl":{"start":{"line":6,"column":22},"end":{"line":6,"column":23}},"loc":{"start":{"line":6,"column":28},"end":{"line":42,"column":1}},"line":6},"1":{"name":"(anonymous_1)","decl":{"start":{"line":12,"column":34},"end":{"line":12,"column":35}},"loc":{"start":{"line":12,"column":43},"end":{"line":15,"column":5}},"line":12},"2":{"name":"(anonymous_2)","decl":{"start":{"line":31,"column":46},"end":{"line":31,"column":47}},"loc":{"start":{"line":31,"column":50},"end":{"line":33,"column":25}},"line":31}},"branchMap":{"0":{"loc":{"start":{"line":25,"column":62},"end":{"line":25,"column":88}},"type":"cond-expr","locations":[{"start":{"line":25,"column":78},"end":{"line":25,"column":81}},{"start":{"line":25,"column":84},"end":{"line":25,"column":88}}],"line":25},"1":{"loc":{"start":{"line":32,"column":28},"end":{"line":32,"column":106}},"type":"cond-expr","locations":[{"start":{"line":32,"column":55},"end":{"line":32,"column":80}},{"start":{"line":32,"column":82},"end":{"line":32,"column":106}}],"line":32}},"s":{"0":1,"1":5,"2":5,"3":5,"4":5,"5":5,"6":9,"7":5,"8":1},"f":{"0":5,"1":9,"2":1},"b":{"0":[5,0],"1":[1,0]},"_coverageSchema":"1a1c01bbd47fc00a2c39e90264f33305004495a9","hash":"a566829e9bdff37af04a977cc40b9c0dc83c70d4"}
,"/home/mypc/Documents/Pooja/Namaste-react/src/components/RestroCard.jsx": {"path":"/home/mypc/Documents/Pooja/Namaste-react/src/components/RestroCard.jsx","statementMap":{"0":{"start":{"line":2,"column":19},"end":{"line":19,"column":1}},"1":{"start":{"line":3,"column":24},"end":{"line":3,"column":29}},"2":{"start":{"line":4,"column":61},"end":{"line":4,"column":74}},"3":{"start":{"line":5,"column":4},"end":{"line":18,"column":5}},"4":{"start":{"line":23,"column":33},"end":{"line":32,"column":1}},"5":{"start":{"line":24,"column":4},"end":{"line":31,"column":5}},"6":{"start":{"line":25,"column":8},"end":{"line":30,"column":9}}},"fnMap":{"0":{"name":"(anonymous_0)","decl":{"start":{"line":2,"column":19},"end":{"line":2,"column":20}},"loc":{"start":{"line":2,"column":29},"end":{"line":19,"column":1}},"line":2},"1":{"name":"(anonymous_1)","decl":{"start":{"line":23,"column":33},"end":{"line":23,"column":34}},"loc":{"start":{"line":23,"column":49},"end":{"line":32,"column":1}},"line":23},"2":{"name":"(anonymous_2)","decl":{"start":{"line":24,"column":11},"end":{"line":24,"column":12}},"loc":{"start":{"line":24,"column":21},"end":{"line":31,"column":5}},"line":24}},"branchMap":{},"s":{"0":1,"1":1,"2":1,"3":1,"4":1,"5":0,"6":0},"f":{"0":1,"1":0,"2":0},"b":{},"_coverageSchema":"1a1c01bbd47fc00a2c39e90264f33305004495a9","hash":"6d4de69b92e8f8008f541dfda83b6f0b5160de81"}
,"/home/mypc/Documents/Pooja/Namaste-react/src/utils/appStore.js": {"path":"/home/mypc/Documents/Pooja/Namaste-react/src/utils/appStore.js","statementMap":{"0":{"start":{"line":4,"column":17},"end":{"line":18,"column":2}}},"fnMap":{},"branchMap":{},"s":{"0":1},"f":{},"b":{},"_coverageSchema":"1a1c01bbd47fc00a2c39e90264f33305004495a9","hash":"a1fb821d69b8fc0b1794e8eadea70d2a7c396000"}
}
