TN:
SF:src/components/Header.jsx
FN:6,(anonymous_0)
FN:12,(anonymous_1)
FN:31,(anonymous_2)
FNF:3
FNH:3
FNDA:5,(anonymous_0)
FNDA:9,(anonymous_1)
FNDA:1,(anonymous_2)
DA:6,1
DA:7,5
DA:8,5
DA:9,5
DA:10,5
DA:12,5
DA:14,9
DA:16,5
DA:32,1
LF:9
LH:9
BRDA:25,0,0,5
BRDA:25,0,1,0
BRDA:32,1,0,1
BRDA:32,1,1,0
BRF:4
BRH:2
end_of_record
TN:
SF:src/components/RestroCard.jsx
FN:2,(anonymous_0)
FN:23,(anonymous_1)
FN:24,(anonymous_2)
FNF:3
FNH:1
FNDA:1,(anonymous_0)
FNDA:0,(anonymous_1)
FNDA:0,(anonymous_2)
DA:2,1
DA:3,1
DA:4,1
DA:5,1
DA:23,1
DA:24,0
DA:25,0
LF:7
LH:5
BRF:0
BRH:0
end_of_record
TN:
SF:src/utils/appStore.js
FNF:0
FNH:0
DA:4,1
LF:1
LH:1
BRF:0
BRH:0
end_of_record
