TN:
SF:src/components/Body.jsx
FN:9,(anonymous_0)
FN:15,(anonymous_1)
FN:18,(anonymous_2)
FN:32,(anonymous_3)
FN:34,(anonymous_4)
FN:40,(anonymous_5)
FN:46,(anonymous_6)
FN:51,(anonymous_7)
FN:53,(anonymous_8)
FN:63,(anonymous_9)
FNF:10
FNH:9
FNDA:7,(anonymous_0)
FNDA:2,(anonymous_1)
FNDA:2,(anonymous_2)
FNDA:1,(anonymous_3)
FNDA:9,(anonymous_4)
FNDA:0,(anonymous_5)
FNDA:1,(anonymous_6)
FNDA:1,(anonymous_7)
FNDA:9,(anonymous_8)
FNDA:28,(anonymous_9)
DA:9,1
DA:10,7
DA:11,7
DA:12,7
DA:13,7
DA:15,7
DA:16,2
DA:18,7
DA:19,2
DA:22,2
DA:23,2
DA:24,2
DA:26,7
DA:27,7
DA:29,7
DA:33,1
DA:34,9
DA:36,1
DA:42,0
DA:47,1
DA:52,1
DA:53,9
DA:55,1
DA:64,28
LF:24
LH:23
BRDA:27,0,0,0
BRDA:27,0,1,7
BRDA:29,1,0,2
BRDA:29,1,1,5
BRDA:66,2,0,4
BRDA:66,2,1,24
BRF:6
BRH:5
end_of_record
TN:
SF:src/components/RestroCard.jsx
FN:2,(anonymous_0)
FN:23,(anonymous_1)
FN:24,(anonymous_2)
FNF:3
FNH:3
FNDA:29,(anonymous_0)
FNDA:7,(anonymous_1)
FNDA:4,(anonymous_2)
DA:2,2
DA:3,29
DA:4,29
DA:5,29
DA:23,2
DA:24,7
DA:25,4
LF:7
LH:7
BRF:0
BRH:0
end_of_record
